<?xml version="1.0" encoding="utf-8"?><testsuites name="pytest tests"><testsuite name="pytest" errors="0" failures="0" skipped="0" tests="9" time="1.076" timestamp="2026-05-13T08:10:54.394642+00:00" hostname="agent-env-95b76e8f-6080-43a5-8ad0-bfaed5616a48"><testcase classname="backend.tests.backend_test" name="test_root" time="0.256" /><testcase classname="backend.tests.backend_test" name="test_categories" time="0.049" /><testcase classname="backend.tests.backend_test" name="test_products_list" time="0.050" /><testcase classname="backend.tests.backend_test" name="test_products_filter_category" time="0.046" /><testcase classname="backend.tests.backend_test" name="test_products_search" time="0.051" /><testcase classname="backend.tests.backend_test" name="test_products_trending" time="0.047" /><testcase classname="backend.tests.backend_test" name="test_product_detail_and_404" time="0.139" /><testcase classname="backend.tests.backend_test" name="test_reviews_get" time="0.056" /><testcase classname="backend.tests.backend_test" name="test_reviews_post" time="0.089" /></testsuite></testsuites>